<?xml version="1.0" encoding="UTF-8"?>
<testng-results ignored="0" total="2" passed="2" failed="0" skipped="0">
  <reporter-output>
  </reporter-output>
  <suite started-at="2026-02-05T13:42:59 IST" name="SanityTestSuite" finished-at="2026-02-05T13:44:44 IST" duration-ms="104999">
    <groups>
    </groups>
    <test started-at="2026-02-05T13:42:59 IST" name="SanityTests" finished-at="2026-02-05T13:44:44 IST" duration-ms="104999">
      <class name="tests.AddEmployeeTest">
        <test-method is-config="true" signature="setUp()[pri:0, instance:tests.AddEmployeeTest@45efd90f]" started-at="2026-02-05T13:43:00 IST" name="setUp" finished-at="2026-02-05T13:43:04 IST" duration-ms="3608" status="PASS">
          <reporter-output>
          </reporter-output>
        </test-method> <!-- setUp -->
        <test-method signature="addEmployee(java.lang.String,java.lang.String,java.lang.String)[pri:0, instance:tests.AddEmployeeTest@45efd90f]" started-at="2026-02-05T13:43:04 IST" name="addEmployee" data-provider="pimAddEmployeeData" finished-at="2026-02-05T13:43:48 IST" duration-ms="44803" status="PASS">
          <params>
            <param index="0">
              <value>
                <![CDATA[Srinivasa]]>
              </value>
            </param>
            <param index="1">
              <value>
                <![CDATA[N]]>
              </value>
            </param>
            <param index="2">
              <value>
                <![CDATA[Raj]]>
              </value>
            </param>
          </params>
          <reporter-output>
          </reporter-output>
        </test-method> <!-- addEmployee -->
        <test-method is-config="true" signature="tearDown()[pri:0, instance:tests.AddEmployeeTest@45efd90f]" started-at="2026-02-05T13:43:48 IST" name="tearDown" finished-at="2026-02-05T13:43:50 IST" duration-ms="1248" status="PASS">
          <reporter-output>
          </reporter-output>
        </test-method> <!-- tearDown -->
        <test-method is-config="true" signature="setUp()[pri:0, instance:tests.AddEmployeeTest@45efd90f]" started-at="2026-02-05T13:43:50 IST" name="setUp" finished-at="2026-02-05T13:43:51 IST" duration-ms="963" status="PASS">
          <reporter-output>
          </reporter-output>
        </test-method> <!-- setUp -->
        <test-method signature="addEmployee(java.lang.String,java.lang.String,java.lang.String)[pri:0, instance:tests.AddEmployeeTest@45efd90f]" started-at="2026-02-05T13:43:51 IST" name="addEmployee" data-provider="pimAddEmployeeData" finished-at="2026-02-05T13:44:44 IST" duration-ms="53368" status="PASS">
          <params>
            <param index="0">
              <value>
                <![CDATA[Charan]]>
              </value>
            </param>
            <param index="1">
              <value>
                <![CDATA[B]]>
              </value>
            </param>
            <param index="2">
              <value>
                <![CDATA[Kumar]]>
              </value>
            </param>
          </params>
          <reporter-output>
          </reporter-output>
        </test-method> <!-- addEmployee -->
        <test-method is-config="true" signature="tearDown()[pri:0, instance:tests.AddEmployeeTest@45efd90f]" started-at="2026-02-05T13:44:44 IST" name="tearDown" finished-at="2026-02-05T13:44:44 IST" duration-ms="258" status="PASS">
          <reporter-output>
          </reporter-output>
        </test-method> <!-- tearDown -->
      </class> <!-- tests.AddEmployeeTest -->
    </test> <!-- SanityTests -->
  </suite> <!-- SanityTestSuite -->
</testng-results>
